<?xml version="1.0" encoding="UTF-8"?>
<!-- Generated by org.testng.reporters.JUnitXMLReporter -->
<testsuite hostname="IL-1270" name="Chrome" tests="1" failures="1" timestamp="16 Jul 2018 10:33:15 GMT" time="137.102" errors="0">
  <testcase name="test_TC6543_GSCCaseCoding" time="96.144" classname="com.deere.testCases.GSCTestCases">
    <failure type="java.lang.AssertionError" message="Denied Assistance is not displayed expected [true] but found [false]">
      <![CDATA[java.lang.AssertionError: Denied Assistance is not displayed expected [true] but found [false]
	at com.deere.global.CommonFunctions.assertTrue(CommonFunctions.java:1090)
	at com.deere.testCases.GSCTestCases.test_TC6543_GSCCaseCoding(GSCTestCases.java:2155)
	at java.util.concurrent.ThreadPoolExecutor.runWorker(Unknown Source)
	at java.util.concurrent.ThreadPoolExecutor$Worker.run(Unknown Source)
	at java.lang.Thread.run(Unknown Source)
... Removed 13 stack frames]]>
    </failure>
  </testcase> <!-- test_TC6543_GSCCaseCoding -->
</testsuite> <!-- Chrome -->
